g:\project\shaderdev\debug\vc142.pdb
g:\project\shaderdev\debug\vc142.idb
g:\project\shaderdev\debug\glad.obj
g:\project\shaderdev\debug\vbo.obj
g:\project\shaderdev\debug\vao.obj
g:\project\shaderdev\debug\texture.obj
g:\project\shaderdev\debug\stb.obj
g:\project\shaderdev\debug\shadowmap.obj
g:\project\shaderdev\debug\shader.obj
g:\project\shaderdev\debug\mesh.obj
g:\project\shaderdev\debug\main.obj
g:\project\shaderdev\debug\ebo.obj
g:\project\shaderdev\debug\camera.obj
g:\project\shaderdev\debug\shaderdev.pdb
g:\project\shaderdev\debug\shaderdev.tlog\cl.command.1.tlog
g:\project\shaderdev\debug\shaderdev.tlog\cl.read.1.tlog
g:\project\shaderdev\debug\shaderdev.tlog\cl.write.1.tlog
g:\project\shaderdev\debug\shaderdev.tlog\link-cvtres.read.1.tlog
g:\project\shaderdev\debug\shaderdev.tlog\link-cvtres.write.1.tlog
g:\project\shaderdev\debug\shaderdev.tlog\link-rc.read.1.tlog
g:\project\shaderdev\debug\shaderdev.tlog\link-rc.write.1.tlog
g:\project\shaderdev\debug\shaderdev.tlog\link.command.1.tlog
g:\project\shaderdev\debug\shaderdev.tlog\link.read.1.tlog
g:\project\shaderdev\debug\shaderdev.tlog\link.write.1.tlog
