e:\homework\2021fall\technicalart\shaderdev\shaderdev\x64\debug\vc142.pdb
e:\homework\2021fall\technicalart\shaderdev\shaderdev\x64\debug\vc142.idb
e:\homework\2021fall\technicalart\shaderdev\shaderdev\x64\debug\vbo.obj
e:\homework\2021fall\technicalart\shaderdev\shaderdev\x64\debug\vao.obj
e:\homework\2021fall\technicalart\shaderdev\shaderdev\x64\debug\texture.obj
e:\homework\2021fall\technicalart\shaderdev\shaderdev\x64\debug\stb.obj
e:\homework\2021fall\technicalart\shaderdev\shaderdev\x64\debug\shadowmap.obj
e:\homework\2021fall\technicalart\shaderdev\shaderdev\x64\debug\shader.obj
e:\homework\2021fall\technicalart\shaderdev\shaderdev\x64\debug\mesh.obj
e:\homework\2021fall\technicalart\shaderdev\shaderdev\x64\debug\ebo.obj
e:\homework\2021fall\technicalart\shaderdev\shaderdev\x64\debug\camera.obj
e:\homework\2021fall\technicalart\shaderdev\shaderdev\x64\debug\glad.obj
e:\homework\2021fall\technicalart\shaderdev\shaderdev\x64\debug\main.obj
e:\homework\2021fall\technicalart\shaderdev\shaderdev\x64\debug\shaderdev.exe
e:\homework\2021fall\technicalart\shaderdev\shaderdev\x64\debug\shaderdev.ilk
e:\homework\2021fall\technicalart\shaderdev\shaderdev\x64\debug\shaderdev.pdb
e:\homework\2021fall\technicalart\shaderdev\shaderdev\x64\debug\shaderdev.tlog\cl.command.1.tlog
e:\homework\2021fall\technicalart\shaderdev\shaderdev\x64\debug\shaderdev.tlog\cl.read.1.tlog
e:\homework\2021fall\technicalart\shaderdev\shaderdev\x64\debug\shaderdev.tlog\cl.write.1.tlog
e:\homework\2021fall\technicalart\shaderdev\shaderdev\x64\debug\shaderdev.tlog\link.command.1.tlog
e:\homework\2021fall\technicalart\shaderdev\shaderdev\x64\debug\shaderdev.tlog\link.read.1.tlog
e:\homework\2021fall\technicalart\shaderdev\shaderdev\x64\debug\shaderdev.tlog\link.write.1.tlog
